#
# A fatal error has been detected by the Java Runtime Environment:
#
#  EXCEPTION_ACCESS_VIOLATION (0xc0000005) at pc=0x00000000659b9db0, pid=30112, tid=23524
#
# JRE version: Java(TM) SE Runtime Environment (7.0_80-b15) (build 1.7.0_80-b15)
# Java VM: Java HotSpot(TM) 64-Bit Server VM (24.80-b11 mixed mode windows-amd64 compressed oops)
# Problematic frame:
# C  [awt.dll+0xb9db0]
#
# Failed to write core dump. Minidumps are not enabled by default on client versions of Windows
#
# If you would like to submit a bug report, please visit:
#   http://bugreport.java.com/bugreport/crash.jsp
# The crash happened outside the Java Virtual Machine in native code.
# See problematic frame for where to report the bug.
#

---------------  T H R E A D  ---------------

Current thread (0x0000000011efa000):  JavaThread "AWT-EventQueue-0" [_thread_in_native, id=23524, stack(0x0000000012e90000,0x0000000012f90000)]

siginfo: ExceptionCode=0xc0000005, reading address 0x0000000000000008

Registers:
RAX=0x000000000000000d, RBX=0x0000000011efa1e8, RCX=0x0000000000000000, RDX=0xffffffff82010f5f
RSP=0x0000000012f8c6c8, RBP=0x0000000011efa1e8, RSI=0x0000000013e57c10, RDI=0x0000000011f0c570
R8 =0x0000000000000082, R9 =0x0000000000820f5f, R10=0x0000000001280000, R11=0x0000000000000f5f
R12=0xffffffff82010f5f, R13=0x0000000000000000, R14=0x0000000012f8ce58, R15=0x0000000011efa000
RIP=0x00000000659b9db0, EFLAGS=0x0000000000010206

Top of Stack: (sp=0x0000000012f8c6c8)
0x0000000012f8c6c8:   0000000065979f29 0000000011efa1e8
0x0000000012f8c6d8:   0000000013e57c10 000000060049414e
0x0000000012f8c6e8:   0000000000000000 0000000000000000
0x0000000012f8c6f8:   0000000013e57c10 0000000012f8cd88
0x0000000012f8c708:   000000006595a881 0000000011efa1e8
0x0000000012f8c718:   0000000000000000 0000000012f8c801
0x0000000012f8c728:   0000000000000000 0000000014088880
0x0000000012f8c738:   0000000065976b92 0000000012f8cd88
0x0000000012f8c748:   0000000012f8c840 0000000011efa1e8
0x0000000012f8c758:   0000000703ea68f8 00000007ac75f360
0x0000000012f8c768:   0000000703a4bc68 00000000000012f8
0x0000000012f8c778:   0000000703a4bc68 0000000000000000
0x0000000012f8c788:   0000000703ea68f8 00000007ac75f360
0x0000000012f8c798:   0000000000000000 0000000000000000
0x0000000012f8c7a8:   0000000000000002 00000007ac75f248
0x0000000012f8c7b8:   0000000012f8cd90 0000000011efa1e8 

Instructions: (pc=0x00000000659b9db0)
0x00000000659b9d90:   5e 41 5d 41 5c 5f c3 cc 48 8b 41 08 48 05 00 04
0x00000000659b9da0:   00 00 c3 cc 48 8b 41 08 48 8b 80 18 0c 00 00 c3
0x00000000659b9db0:   48 8b 49 08 48 85 c9 74 05 e9 36 6a fe ff 33 c0
0x00000000659b9dc0:   c3 cc cc cc 48 83 ec 28 48 8b 49 08 48 85 c9 74 


Register to memory mapping:

RAX=0x000000000000000d is an unknown value
RBX=0x0000000011efa1e8 is an unknown value
RCX=0x0000000000000000 is an unknown value
RDX=0xffffffff82010f5f is an unknown value
RSP=0x0000000012f8c6c8 is pointing into the stack for thread: 0x0000000011efa000
RBP=0x0000000011efa1e8 is an unknown value
RSI=0x0000000013e57c10 is an unknown value
RDI=0x0000000011f0c570 is an unknown value
R8 =0x0000000000000082 is an unknown value
R9 =0x0000000000820f5f is an unknown value
R10=0x0000000001280000 is an unknown value
R11=0x0000000000000f5f is an unknown value
R12=0xffffffff82010f5f is an unknown value
R13=0x0000000000000000 is an unknown value
R14=0x0000000012f8ce58 is pointing into the stack for thread: 0x0000000011efa000
R15=0x0000000011efa000 is a thread


Stack: [0x0000000012e90000,0x0000000012f90000],  sp=0x0000000012f8c6c8,  free space=1009k
Native frames: (J=compiled Java code, j=interpreted, Vv=VM code, C=native code)
C  [awt.dll+0xb9db0]

Java frames: (J=compiled Java code, j=interpreted, Vv=VM code)
J 908  sun.java2d.windows.GDIBlitLoops.nativeBlit(Lsun/java2d/SurfaceData;Lsun/java2d/SurfaceData;Lsun/java2d/pipe/Region;IIIIIIIIIZ)V (0 bytes) @ 0x0000000002e4370c [0x0000000002e43620+0xec]
J 555 C2 sun.java2d.pipe.DrawImage.blitSurfaceData(Lsun/java2d/SunGraphics2D;Lsun/java2d/pipe/Region;Lsun/java2d/SurfaceData;Lsun/java2d/SurfaceData;Lsun/java2d/loops/SurfaceType;Lsun/java2d/loops/SurfaceType;IIIIIILjava/awt/Color;)V (145 bytes) @ 0x0000000002d99090 [0x0000000002d98d60+0x330]
J 996 C2 sun.java2d.pipe.DrawImage.renderImageCopy(Lsun/java2d/SunGraphics2D;Ljava/awt/Image;Ljava/awt/Color;IIIIII)Z (149 bytes) @ 0x0000000002e9eb84 [0x0000000002e9ea00+0x184]
J 760 C2 sun.java2d.pipe.ValidatePipe.copyImage(Lsun/java2d/SunGraphics2D;Ljava/awt/Image;IILjava/awt/Color;Ljava/awt/image/ImageObserver;)Z (29 bytes) @ 0x0000000002d2d388 [0x0000000002d2cfc0+0x3c8]
J 926 C2 sun.java2d.SunGraphics2D.drawImage(Ljava/awt/Image;IILjava/awt/Color;Ljava/awt/image/ImageObserver;)Z (144 bytes) @ 0x0000000002e59a8c [0x0000000002e598c0+0x1cc]
J 409 C2 javax.swing.RepaintManager$PaintManager.paintDoubleBuffered(Ljavax/swing/JComponent;Ljava/awt/Image;Ljava/awt/Graphics;IIII)V (294 bytes) @ 0x0000000002d56c14 [0x0000000002d561c0+0xa54]
J 982 C2 javax.swing.RepaintManager$PaintManager.paint(Ljavax/swing/JComponent;Ljavax/swing/JComponent;Ljava/awt/Graphics;IIII)Z (189 bytes) @ 0x0000000002e97518 [0x0000000002e97040+0x4d8]
j  javax.swing.RepaintManager.paint(Ljavax/swing/JComponent;Ljavax/swing/JComponent;Ljava/awt/Graphics;IIII)V+52
J 692 C2 javax.swing.JComponent.paint(Ljava/awt/Graphics;)V (409 bytes) @ 0x0000000002d21a30 [0x0000000002d210e0+0x950]
j  java.awt.GraphicsCallback$PaintCallback.run(Ljava/awt/Component;Ljava/awt/Graphics;)V+2
j  sun.awt.SunGraphicsCallback.runOneComponent(Ljava/awt/Component;Ljava/awt/Rectangle;Ljava/awt/Graphics;Ljava/awt/Shape;I)V+155
j  sun.awt.SunGraphicsCallback.runComponents([Ljava/awt/Component;Ljava/awt/Graphics;I)V+194
j  java.awt.Container.paint(Ljava/awt/Graphics;)V+58
j  java.awt.Window.paint(Ljava/awt/Graphics;)V+68
J 757 C2 javax.swing.RepaintManager$3.run()Ljava/lang/Object; (5 bytes) @ 0x0000000002df6940 [0x0000000002df6200+0x740]
v  ~StubRoutines::call_stub
J 347  java.security.AccessController.doPrivileged(Ljava/security/PrivilegedAction;Ljava/security/AccessControlContext;)Ljava/lang/Object; (0 bytes) @ 0x0000000002d36206 [0x0000000002d361a0+0x66]
J 509 C2 java.security.ProtectionDomain$1.doIntersectionPrivilege(Ljava/security/PrivilegedAction;Ljava/security/AccessControlContext;Ljava/security/AccessControlContext;)Ljava/lang/Object; (32 bytes) @ 0x0000000002d856d0 [0x0000000002d855c0+0x110]
j  javax.swing.RepaintManager.paintDirtyRegions(Ljava/util/Map;)V+154
j  javax.swing.RepaintManager.paintDirtyRegions()V+46
j  javax.swing.RepaintManager.prePaintDirtyRegions()V+73
j  javax.swing.RepaintManager.access$1100(Ljavax/swing/RepaintManager;)V+1
j  javax.swing.RepaintManager$ProcessingRunnable.run()V+37
J 998 C2 java.awt.EventQueue$3.run()Ljava/lang/Object; (5 bytes) @ 0x0000000002ea4e6c [0x0000000002ea4c00+0x26c]
v  ~StubRoutines::call_stub
J 347  java.security.AccessController.doPrivileged(Ljava/security/PrivilegedAction;Ljava/security/AccessControlContext;)Ljava/lang/Object; (0 bytes) @ 0x0000000002d36206 [0x0000000002d361a0+0x66]
J 509 C2 java.security.ProtectionDomain$1.doIntersectionPrivilege(Ljava/security/PrivilegedAction;Ljava/security/AccessControlContext;Ljava/security/AccessControlContext;)Ljava/lang/Object; (32 bytes) @ 0x0000000002d856d0 [0x0000000002d855c0+0x110]
j  java.awt.EventQueue.dispatchEvent(Ljava/awt/AWTEvent;)V+46
j  java.awt.EventDispatchThread.pumpOneEventForFilters(I)V+245
J 1005% C2 java.awt.EventDispatchThread.pumpEventsForFilter(ILjava/awt/Conditional;Ljava/awt/EventFilter;)V (47 bytes) @ 0x0000000002ea2a30 [0x0000000002ea2940+0xf0]
j  java.awt.EventDispatchThread.pumpEventsForHierarchy(ILjava/awt/Conditional;Ljava/awt/Component;)V+11
j  java.awt.EventDispatchThread.pumpEvents(ILjava/awt/Conditional;)V+4
j  java.awt.EventDispatchThread.pumpEvents(Ljava/awt/Conditional;)V+3
j  java.awt.EventDispatchThread.run()V+9
v  ~StubRoutines::call_stub

---------------  P R O C E S S  ---------------

Java Threads: ( => current thread )
  0x0000000002b12800 JavaThread "DestroyJavaVM" [_thread_blocked, id=27640, stack(0x0000000002820000,0x0000000002920000)]
  0x0000000013f27000 JavaThread "TimerQueue" daemon [_thread_blocked, id=17312, stack(0x00000000151f0000,0x00000000152f0000)]
=>0x0000000011efa000 JavaThread "AWT-EventQueue-0" [_thread_in_native, id=23524, stack(0x0000000012e90000,0x0000000012f90000)]
  0x0000000011ef8800 JavaThread "AWT-Windows" daemon [_thread_in_native, id=28140, stack(0x0000000012ba0000,0x0000000012ca0000)]
  0x0000000011ef7800 JavaThread "AWT-Shutdown" [_thread_blocked, id=19184, stack(0x0000000012aa0000,0x0000000012ba0000)]
  0x0000000011ef1800 JavaThread "Java2D Disposer" daemon [_thread_blocked, id=30252, stack(0x00000000129a0000,0x0000000012aa0000)]
  0x0000000011df0800 JavaThread "Service Thread" daemon [_thread_blocked, id=29580, stack(0x0000000012660000,0x0000000012760000)]
  0x0000000011de8000 JavaThread "C2 CompilerThread1" daemon [_thread_blocked, id=25668, stack(0x0000000012560000,0x0000000012660000)]
  0x0000000011dd8000 JavaThread "C2 CompilerThread0" daemon [_thread_blocked, id=30312, stack(0x0000000012460000,0x0000000012560000)]
  0x0000000011de6000 JavaThread "Monitor Ctrl-Break" daemon [_thread_in_native, id=30584, stack(0x0000000012360000,0x0000000012460000)]
  0x0000000002c07000 JavaThread "Attach Listener" daemon [_thread_blocked, id=28312, stack(0x0000000012260000,0x0000000012360000)]
  0x0000000002c02800 JavaThread "Signal Dispatcher" daemon [_thread_blocked, id=28512, stack(0x0000000012160000,0x0000000012260000)]
  0x000000000fda1800 JavaThread "Finalizer" daemon [_thread_blocked, id=24560, stack(0x0000000011c60000,0x0000000011d60000)]
  0x000000000fd99800 JavaThread "Reference Handler" daemon [_thread_blocked, id=23808, stack(0x0000000011b60000,0x0000000011c60000)]

Other Threads:
  0x000000000fd95800 VMThread [stack: 0x0000000011a60000,0x0000000011b60000] [id=24788]
  0x0000000011e18800 WatcherThread [stack: 0x0000000012760000,0x0000000012860000] [id=29784]

VM state:not at safepoint (normal execution)

VM Mutex/Monitor currently owned by a thread: None

Heap
 PSYoungGen      total 32256K, used 20788K [0x00000007ab400000, 0x00000007ad480000, 0x0000000800000000)
  eden space 31232K, 64% used [0x00000007ab400000,0x00000007ac7cd210,0x00000007ad280000)
  from space 1024K, 50% used [0x00000007ad280000,0x00000007ad300000,0x00000007ad380000)
  to   space 1024K, 0% used [0x00000007ad380000,0x00000007ad380000,0x00000007ad480000)
 ParOldGen       total 173568K, used 59455K [0x0000000701c00000, 0x000000070c580000, 0x00000007ab400000)
  object space 173568K, 34% used [0x0000000701c00000,0x000000070560fc68,0x000000070c580000)
 PSPermGen       total 21504K, used 12813K [0x00000006fca00000, 0x00000006fdf00000, 0x0000000701c00000)
  object space 21504K, 59% used [0x00000006fca00000,0x00000006fd683770,0x00000006fdf00000)

Card table byte_map: [0x0000000005c10000,0x0000000006430000] byte_map_base: 0x000000000242b000

Polling page: 0x0000000000f50000

Code Cache  [0x0000000002c10000, 0x0000000002ed0000, 0x0000000005c10000)
 total_blobs=1413 nmethods=956 adapters=408 free_code_cache=46433Kb largest_free_block=47483392

Compilation events (10 events):
Event: 316.282 Thread 0x0000000011de8000 nmethod 1031 0x0000000002ea7910 code [0x0000000002ea7a60, 0x0000000002ea7bb8]
Event: 316.287 Thread 0x0000000011dd8000 nmethod 1032 0x0000000002ebd6d0 code [0x0000000002ebd840, 0x0000000002ebdeb8]
Event: 373.697 Thread 0x0000000011de8000 1033             java.util.HashMap$Entry::getKey (5 bytes)
Event: 373.697 Thread 0x0000000011de8000 nmethod 1033 0x0000000002eb1d50 code [0x0000000002eb1e80, 0x0000000002eb1ef8]
Event: 390.720 Thread 0x0000000011dd8000 1034             java.util.ComparableTimSort::binarySort (223 bytes)
Event: 390.726 Thread 0x0000000011dd8000 nmethod 1034 0x0000000002eb2b10 code [0x0000000002eb2c80, 0x0000000002eb3398]
Event: 559.509 Thread 0x0000000011de8000 1035 %           java.util.ComparableTimSort::binarySort @ 72 (223 bytes)
Event: 559.521 Thread 0x0000000011de8000 nmethod 1035% 0x0000000002ebef90 code [0x0000000002ebf100, 0x0000000002ebf998]
Event: 559.697 Thread 0x0000000011dd8000 1036             java.util.ComparableTimSort::binarySort (223 bytes)
Event: 559.703 Thread 0x0000000011dd8000 nmethod 1036 0x0000000002ec4690 code [0x0000000002ec4800, 0x0000000002ec50f8]

GC Heap History (10 events):
Event: 134.181 GC heap before
{Heap before GC invocations=71 (full 0):
 PSYoungGen      total 32256K, used 31712K [0x00000007ab400000, 0x00000007ad480000, 0x0000000800000000)
  eden space 31232K, 100% used [0x00000007ab400000,0x00000007ad280000,0x00000007ad280000)
  from space 1024K, 46% used [0x00000007ad380000,0x00000007ad3f8000,0x00000007ad480000)
  to   space 1024K, 0% used [0x00000007ad280000,0x00000007ad280000,0x00000007ad380000)
 ParOldGen       total 173568K, used 59343K [0x0000000701c00000, 0x000000070c580000, 0x00000007ab400000)
  object space 173568K, 34% used [0x0000000701c00000,0x00000007055f3c68,0x000000070c580000)
 PSPermGen       total 21504K, used 12803K [0x00000006fca00000, 0x00000006fdf00000, 0x0000000701c00000)
  object space 21504K, 59% used [0x00000006fca00000,0x00000006fd680c48,0x00000006fdf00000)
Event: 134.182 GC heap after
Heap after GC invocations=71 (full 0):
 PSYoungGen      total 32256K, used 448K [0x00000007ab400000, 0x00000007ad480000, 0x0000000800000000)
  eden space 31232K, 0% used [0x00000007ab400000,0x00000007ab400000,0x00000007ad280000)
  from space 1024K, 43% used [0x00000007ad280000,0x00000007ad2f0000,0x00000007ad380000)
  to   space 1024K, 0% used [0x00000007ad380000,0x00000007ad380000,0x00000007ad480000)
 ParOldGen       total 173568K, used 59375K [0x0000000701c00000, 0x000000070c580000, 0x00000007ab400000)
  object space 173568K, 34% used [0x0000000701c00000,0x00000007055fbc68,0x000000070c580000)
 PSPermGen       total 21504K, used 12803K [0x00000006fca00000, 0x00000006fdf00000, 0x0000000701c00000)
  object space 21504K, 59% used [0x00000006fca00000,0x00000006fd680c48,0x00000006fdf00000)
}
Event: 135.409 GC heap before
{Heap before GC invocations=72 (full 0):
 PSYoungGen      total 32256K, used 31680K [0x00000007ab400000, 0x00000007ad480000, 0x0000000800000000)
  eden space 31232K, 100% used [0x00000007ab400000,0x00000007ad280000,0x00000007ad280000)
  from space 1024K, 43% used [0x00000007ad280000,0x00000007ad2f0000,0x00000007ad380000)
  to   space 1024K, 0% used [0x00000007ad380000,0x00000007ad380000,0x00000007ad480000)
 ParOldGen       total 173568K, used 59375K [0x0000000701c00000, 0x000000070c580000, 0x00000007ab400000)
  object space 173568K, 34% used [0x0000000701c00000,0x00000007055fbc68,0x000000070c580000)
 PSPermGen       total 21504K, used 12803K [0x00000006fca00000, 0x00000006fdf00000, 0x0000000701c00000)
  object space 21504K, 59% used [0x00000006fca00000,0x00000006fd680c48,0x00000006fdf00000)
Event: 135.410 GC heap after
Heap after GC invocations=72 (full 0):
 PSYoungGen      total 32256K, used 448K [0x00000007ab400000, 0x00000007ad480000, 0x0000000800000000)
  eden space 31232K, 0% used [0x00000007ab400000,0x00000007ab400000,0x00000007ad280000)
  from space 1024K, 43% used [0x00000007ad380000,0x00000007ad3f0000,0x00000007ad480000)
  to   space 1024K, 0% used [0x00000007ad280000,0x00000007ad280000,0x00000007ad380000)
 ParOldGen       total 173568K, used 59375K [0x0000000701c00000, 0x000000070c580000, 0x00000007ab400000)
  object space 173568K, 34% used [0x0000000701c00000,0x00000007055fbc68,0x000000070c580000)
 PSPermGen       total 21504K, used 12803K [0x00000006fca00000, 0x00000006fdf00000, 0x0000000701c00000)
  object space 21504K, 59% used [0x00000006fca00000,0x00000006fd680c48,0x00000006fdf00000)
}
Event: 136.567 GC heap before
{Heap before GC invocations=73 (full 0):
 PSYoungGen      total 32256K, used 31680K [0x00000007ab400000, 0x00000007ad480000, 0x0000000800000000)
  eden space 31232K, 100% used [0x00000007ab400000,0x00000007ad280000,0x00000007ad280000)
  from space 1024K, 43% used [0x00000007ad380000,0x00000007ad3f0000,0x00000007ad480000)
  to   space 1024K, 0% used [0x00000007ad280000,0x00000007ad280000,0x00000007ad380000)
 ParOldGen       total 173568K, used 59375K [0x0000000701c00000, 0x000000070c580000, 0x00000007ab400000)
  object space 173568K, 34% used [0x0000000701c00000,0x00000007055fbc68,0x000000070c580000)
 PSPermGen       total 21504K, used 12803K [0x00000006fca00000, 0x00000006fdf00000, 0x0000000701c00000)
  object space 21504K, 59% used [0x00000006fca00000,0x00000006fd680c48,0x00000006fdf00000)
Event: 136.568 GC heap after
Heap after GC invocations=73 (full 0):
 PSYoungGen      total 32256K, used 512K [0x00000007ab400000, 0x00000007ad480000, 0x0000000800000000)
  eden space 31232K, 0% used [0x00000007ab400000,0x00000007ab400000,0x00000007ad280000)
  from space 1024K, 50% used [0x00000007ad280000,0x00000007ad300000,0x00000007ad380000)
  to   space 1024K, 0% used [0x00000007ad380000,0x00000007ad380000,0x00000007ad480000)
 ParOldGen       total 173568K, used 59399K [0x0000000701c00000, 0x000000070c580000, 0x00000007ab400000)
  object space 173568K, 34% used [0x0000000701c00000,0x0000000705601c68,0x000000070c580000)
 PSPermGen       total 21504K, used 12803K [0x00000006fca00000, 0x00000006fdf00000, 0x0000000701c00000)
  object space 21504K, 59% used [0x00000006fca00000,0x00000006fd680c48,0x00000006fdf00000)
}
Event: 137.674 GC heap before
{Heap before GC invocations=74 (full 0):
 PSYoungGen      total 32256K, used 31744K [0x00000007ab400000, 0x00000007ad480000, 0x0000000800000000)
  eden space 31232K, 100% used [0x00000007ab400000,0x00000007ad280000,0x00000007ad280000)
  from space 1024K, 50% used [0x00000007ad280000,0x00000007ad300000,0x00000007ad380000)
  to   space 1024K, 0% used [0x00000007ad380000,0x00000007ad380000,0x00000007ad480000)
 ParOldGen       total 173568K, used 59399K [0x0000000701c00000, 0x000000070c580000, 0x00000007ab400000)
  object space 173568K, 34% used [0x0000000701c00000,0x0000000705601c68,0x000000070c580000)
 PSPermGen       total 21504K, used 12803K [0x00000006fca00000, 0x00000006fdf00000, 0x0000000701c00000)
  object space 21504K, 59% used [0x00000006fca00000,0x00000006fd680c48,0x00000006fdf00000)
Event: 137.675 GC heap after
Heap after GC invocations=74 (full 0):
 PSYoungGen      total 32256K, used 416K [0x00000007ab400000, 0x00000007ad480000, 0x0000000800000000)
  eden space 31232K, 0% used [0x00000007ab400000,0x00000007ab400000,0x00000007ad280000)
  from space 1024K, 40% used [0x00000007ad380000,0x00000007ad3e8000,0x00000007ad480000)
  to   space 1024K, 0% used [0x00000007ad280000,0x00000007ad280000,0x00000007ad380000)
 ParOldGen       total 173568K, used 59431K [0x0000000701c00000, 0x000000070c580000, 0x00000007ab400000)
  object space 173568K, 34% used [0x0000000701c00000,0x0000000705609c68,0x000000070c580000)
 PSPermGen       total 21504K, used 12803K [0x00000006fca00000, 0x00000006fdf00000, 0x0000000701c00000)
  object space 21504K, 59% used [0x00000006fca00000,0x00000006fd680c48,0x00000006fdf00000)
}
Event: 138.952 GC heap before
{Heap before GC invocations=75 (full 0):
 PSYoungGen      total 32256K, used 31648K [0x00000007ab400000, 0x00000007ad480000, 0x0000000800000000)
  eden space 31232K, 100% used [0x00000007ab400000,0x00000007ad280000,0x00000007ad280000)
  from space 1024K, 40% used [0x00000007ad380000,0x00000007ad3e8000,0x00000007ad480000)
  to   space 1024K, 0% used [0x00000007ad280000,0x00000007ad280000,0x00000007ad380000)
 ParOldGen       total 173568K, used 59431K [0x0000000701c00000, 0x000000070c580000, 0x00000007ab400000)
  object space 173568K, 34% used [0x0000000701c00000,0x0000000705609c68,0x000000070c580000)
 PSPermGen       total 21504K, used 12803K [0x00000006fca00000, 0x00000006fdf00000, 0x0000000701c00000)
  object space 21504K, 59% used [0x00000006fca00000,0x00000006fd680c48,0x00000006fdf00000)
Event: 138.953 GC heap after
Heap after GC invocations=75 (full 0):
 PSYoungGen      total 32256K, used 512K [0x00000007ab400000, 0x00000007ad480000, 0x0000000800000000)
  eden space 31232K, 0% used [0x00000007ab400000,0x00000007ab400000,0x00000007ad280000)
  from space 1024K, 50% used [0x00000007ad280000,0x00000007ad300000,0x00000007ad380000)
  to   space 1024K, 0% used [0x00000007ad380000,0x00000007ad380000,0x00000007ad480000)
 ParOldGen       total 173568K, used 59455K [0x0000000701c00000, 0x000000070c580000, 0x00000007ab400000)
  object space 173568K, 34% used [0x0000000701c00000,0x000000070560fc68,0x000000070c580000)
 PSPermGen       total 21504K, used 12803K [0x00000006fca00000, 0x00000006fdf00000, 0x0000000701c00000)
  object space 21504K, 59% used [0x00000006fca00000,0x00000006fd680c48,0x00000006fdf00000)
}

Deoptimization events (10 events):
Event: 176.948 Thread 0x0000000011efa000 Uncommon trap: reason=unstable_if action=reinterpret pc=0x0000000002d946ec method=java.awt.EventQueue.getNextEventPrivate()Ljava/awt/AWTEvent; @ 3
Event: 192.291 Thread 0x0000000011efa000 Uncommon trap: reason=class_check action=maybe_recompile pc=0x0000000002d9caf0 method=sun.java2d.Disposer.add(Ljava/lang/Object;Lsun/java2d/DisposerRecord;)V @ 8
Event: 316.466 Thread 0x0000000011ef8800 Uncommon trap: reason=predicate action=maybe_recompile pc=0x0000000002ebd8b0 method=java.util.ComparableTimSort.binarySort([Ljava/lang/Object;III)V @ 37
Event: 469.326 Thread 0x0000000011efa000 Uncommon trap: reason=unstable_if action=reinterpret pc=0x0000000002e02e78 method=java.util.WeakHashMap.remove(Ljava/lang/Object;)Ljava/lang/Object; @ 55
Event: 469.605 Thread 0x0000000011ef8800 Uncommon trap: reason=array_check action=maybe_recompile pc=0x0000000002eb314c method=java.util.ComparableTimSort.binarySort([Ljava/lang/Object;III)V @ 193
Event: 469.605 Thread 0x0000000011ef8800 Uncommon trap: reason=array_check action=maybe_recompile pc=0x0000000002eb3214 method=java.util.ComparableTimSort.binarySort([Ljava/lang/Object;III)V @ 183
Event: 469.605 Thread 0x0000000011ef8800 Uncommon trap: reason=array_check action=maybe_recompile pc=0x0000000002eb3088 method=java.util.ComparableTimSort.binarySort([Ljava/lang/Object;III)V @ 215
Event: 469.605 Thread 0x0000000011ef8800 Uncommon trap: reason=array_check action=maybe_recompile pc=0x0000000002eb3088 method=java.util.ComparableTimSort.binarySort([Ljava/lang/Object;III)V @ 215
Event: 731.564 Thread 0x0000000011efa000 Uncommon trap: reason=unstable_if action=reinterpret pc=0x0000000002e5c0bc method=javax.swing.RepaintManager.validateInvalidComponents()V @ 8
Event: 731.564 Thread 0x0000000011efa000 Uncommon trap: reason=unstable_if action=reinterpret pc=0x0000000002e95bb4 method=javax.swing.RepaintManager.prePaintDirtyRegions()V @ 32

Internal exceptions (10 events):
Event: 26.477 Thread 0x0000000011efa000 Implicit null exception at 0x0000000002d09a00 to 0x0000000002d0a815
Event: 82.892 Thread 0x0000000011efa000 Implicit null exception at 0x0000000002ce9875 to 0x0000000002ce9d19
Event: 82.893 Thread 0x0000000011efa000 Threw 0x00000007abe6dc40 at C:\re\jdk7u80\2329\hotspot\src\share\vm\prims\jvm.cpp:1319
Event: 82.893 Thread 0x0000000011efa000 Threw 0x00000007abe70b58 at C:\re\jdk7u80\2329\hotspot\src\share\vm\prims\jvm.cpp:1319
Event: 82.893 Thread 0x0000000011efa000 Implicit null exception at 0x0000000002e8dcd4 to 0x0000000002e8dd16
Event: 82.894 Thread 0x0000000011efa000 Threw 0x00000007abe74ef0 at C:\re\jdk7u80\2329\hotspot\src\share\vm\prims\jvm.cpp:1319
Event: 82.894 Thread 0x0000000011efa000 Threw 0x00000007abe77630 at C:\re\jdk7u80\2329\hotspot\src\share\vm\prims\jvm.cpp:1319
Event: 123.120 Thread 0x0000000011efa000 Implicit null exception at 0x0000000002e62bed to 0x0000000002e63945
Event: 128.776 Thread 0x0000000011efa000 Implicit null exception at 0x0000000002e914fb to 0x0000000002e91991
Event: 731.564 Thread 0x0000000011efa000 Implicit null exception at 0x0000000002e5b8f5 to 0x0000000002e5c0a5

Events (10 events):
Event: 469.605 Thread 0x0000000011ef8800 DEOPT UNPACKING pc=0x0000000002c475a4 sp=0x0000000012c9e338 mode 2
Event: 469.605 Thread 0x0000000011ef8800 Uncommon trap: trap_request=0xffffffd6 fr.pc=0x0000000002eb3088
Event: 469.605 Thread 0x0000000011ef8800 DEOPT PACKING pc=0x0000000002eb3088 sp=0x0000000012c9e370
Event: 469.605 Thread 0x0000000011ef8800 DEOPT UNPACKING pc=0x0000000002c475a4 sp=0x0000000012c9e338 mode 2
Event: 731.564 Thread 0x0000000011efa000 Uncommon trap: trap_request=0xffffff75 fr.pc=0x0000000002e5c0bc
Event: 731.564 Thread 0x0000000011efa000 DEOPT PACKING pc=0x0000000002e5c0bc sp=0x0000000012f8e2b0
Event: 731.564 Thread 0x0000000011efa000 DEOPT UNPACKING pc=0x0000000002c475a4 sp=0x0000000012f8e260 mode 2
Event: 731.564 Thread 0x0000000011efa000 Uncommon trap: trap_request=0xffffff75 fr.pc=0x0000000002e95bb4
Event: 731.564 Thread 0x0000000011efa000 DEOPT PACKING pc=0x0000000002e95bb4 sp=0x0000000012f8e330
Event: 731.564 Thread 0x0000000011efa000 DEOPT UNPACKING pc=0x0000000002c475a4 sp=0x0000000012f8e240 mode 2


Dynamic libraries:
0x00007ff6dfbf0000 - 0x00007ff6dfc23000 	C:\Program Files\Java\jdk1.7.0_80\bin\java.exe
0x00007ff861ad0000 - 0x00007ff861cc6000 	C:\WINDOWS\SYSTEM32\ntdll.dll
0x00007ff860c80000 - 0x00007ff860d3d000 	C:\WINDOWS\System32\KERNEL32.DLL
0x00007ff85f500000 - 0x00007ff85f7c9000 	C:\WINDOWS\System32\KERNELBASE.dll
0x00007ff861940000 - 0x00007ff8619ec000 	C:\WINDOWS\System32\ADVAPI32.dll
0x00007ff860700000 - 0x00007ff86079e000 	C:\WINDOWS\System32\msvcrt.dll
0x00007ff85ffa0000 - 0x00007ff86003c000 	C:\WINDOWS\System32\sechost.dll
0x00007ff860da0000 - 0x00007ff860ecb000 	C:\WINDOWS\System32\RPCRT4.dll
0x00007ff860040000 - 0x00007ff8601e0000 	C:\WINDOWS\System32\USER32.dll
0x00007ff85f4d0000 - 0x00007ff85f4f2000 	C:\WINDOWS\System32\win32u.dll
0x00007ff8619f0000 - 0x00007ff861a1a000 	C:\WINDOWS\System32\GDI32.dll
0x00007ff85f9a0000 - 0x00007ff85faab000 	C:\WINDOWS\System32\gdi32full.dll
0x00007ff85f850000 - 0x00007ff85f8ed000 	C:\WINDOWS\System32\msvcp_win.dll
0x00007ff85f3d0000 - 0x00007ff85f4d0000 	C:\WINDOWS\System32\ucrtbase.dll
0x00007ff84ced0000 - 0x00007ff84d16b000 	C:\WINDOWS\WinSxS\amd64_microsoft.windows.common-controls_6595b64144ccf1df_6.0.19041.746_none_ca02b4b61b8320a4\COMCTL32.dll
0x00007ff8601e0000 - 0x00007ff860210000 	C:\WINDOWS\System32\IMM32.DLL
0x0000000066330000 - 0x0000000066402000 	C:\Program Files\Java\jdk1.7.0_80\jre\bin\msvcr100.dll
0x0000000065b50000 - 0x0000000066329000 	C:\Program Files\Java\jdk1.7.0_80\jre\bin\server\jvm.dll
0x00007ff861a80000 - 0x00007ff861a88000 	C:\WINDOWS\System32\PSAPI.DLL
0x00007ff8561b0000 - 0x00007ff8561d7000 	C:\WINDOWS\SYSTEM32\WINMM.dll
0x00007ff82cee0000 - 0x00007ff82cee9000 	C:\WINDOWS\SYSTEM32\WSOCK32.dll
0x00007ff860c10000 - 0x00007ff860c7b000 	C:\WINDOWS\System32\WS2_32.dll
0x0000000065b40000 - 0x0000000065b4f000 	C:\Program Files\Java\jdk1.7.0_80\jre\bin\verify.dll
0x0000000065b10000 - 0x0000000065b38000 	C:\Program Files\Java\jdk1.7.0_80\jre\bin\java.dll
0x0000000065ae0000 - 0x0000000065b03000 	C:\Program Files\Java\jdk1.7.0_80\jre\bin\instrument.dll
0x0000000065ac0000 - 0x0000000065ad6000 	C:\Program Files\Java\jdk1.7.0_80\jre\bin\zip.dll
0x00007ff849cc0000 - 0x00007ff849cda000 	C:\Program Files\JetBrains\IntelliJ IDEA 2020.1.4\bin\breakgen64.dll
0x0000000065aa0000 - 0x0000000065aba000 	C:\Program Files\Java\jdk1.7.0_80\jre\bin\net.dll
0x00007ff85e920000 - 0x00007ff85e98a000 	C:\WINDOWS\system32\mswsock.dll
0x0000000065900000 - 0x0000000065a95000 	C:\Program Files\Java\jdk1.7.0_80\jre\bin\awt.dll
0x00007ff860ff0000 - 0x00007ff8610bd000 	C:\WINDOWS\System32\OLEAUT32.dll
0x00007ff860220000 - 0x00007ff860576000 	C:\WINDOWS\System32\combase.dll
0x00007ff85caa0000 - 0x00007ff85cb30000 	C:\WINDOWS\SYSTEM32\apphelp.dll
0x00007ff85cbc0000 - 0x00007ff85cc5e000 	C:\WINDOWS\system32\uxtheme.dll
0x00007ff860ed0000 - 0x00007ff860fe5000 	C:\WINDOWS\System32\MSCTF.dll
0x00007ff861810000 - 0x00007ff86193a000 	C:\WINDOWS\System32\ole32.dll
0x00007ff85d080000 - 0x00007ff85d092000 	C:\WINDOWS\SYSTEM32\kernel.appcore.dll
0x00007ff85f7d0000 - 0x00007ff85f850000 	C:\WINDOWS\System32\bcryptPrimitives.dll
0x00007ff85cf70000 - 0x00007ff85cf9f000 	C:\WINDOWS\system32\DWMAPI.DLL
0x00007ff8610c0000 - 0x00007ff861802000 	C:\WINDOWS\System32\SHELL32.dll
0x00007ff860d40000 - 0x00007ff860d95000 	C:\WINDOWS\System32\SHLWAPI.dll
0x00007ff860830000 - 0x00007ff8608de000 	C:\WINDOWS\System32\shcore.dll
0x00007ff85eaf0000 - 0x00007ff85eb08000 	C:\WINDOWS\SYSTEM32\CRYPTSP.dll
0x00007ff85e1c0000 - 0x00007ff85e1f4000 	C:\WINDOWS\system32\rsaenh.dll
0x00007ff85fb00000 - 0x00007ff85fb27000 	C:\WINDOWS\System32\bcrypt.dll
0x00007ff85f100000 - 0x00007ff85f12e000 	C:\WINDOWS\SYSTEM32\USERENV.dll
0x00007ff85f140000 - 0x00007ff85f166000 	C:\WINDOWS\SYSTEM32\profapi.dll
0x00007ff85eb10000 - 0x00007ff85eb1c000 	C:\WINDOWS\SYSTEM32\CRYPTBASE.dll
0x00007ff85e610000 - 0x00007ff85e64b000 	C:\WINDOWS\SYSTEM32\IPHLPAPI.DLL
0x00007ff860210000 - 0x00007ff860218000 	C:\WINDOWS\System32\NSI.dll
0x00007ff858ed0000 - 0x00007ff858ee7000 	C:\WINDOWS\SYSTEM32\dhcpcsvc6.DLL
0x00007ff8597a0000 - 0x00007ff8597bd000 	C:\WINDOWS\SYSTEM32\dhcpcsvc.DLL
0x00007ff85e650000 - 0x00007ff85e71b000 	C:\WINDOWS\SYSTEM32\DNSAPI.dll
0x00000000658e0000 - 0x00000000658f1000 	C:\Program Files\Java\jdk1.7.0_80\jre\bin\nio.dll
0x0000000065890000 - 0x00000000658d7000 	C:\Program Files\Java\jdk1.7.0_80\jre\bin\fontmanager.dll
0x0000000065840000 - 0x0000000065881000 	C:\Program Files\Java\jdk1.7.0_80\jre\bin\t2k.dll
0x00007ff853a20000 - 0x00007ff853b1b000 	C:\WINDOWS\SYSTEM32\textinputframework.dll
0x00007ff85c740000 - 0x00007ff85c832000 	C:\WINDOWS\System32\CoreMessaging.dll
0x00007ff85c3e0000 - 0x00007ff85c73e000 	C:\WINDOWS\System32\CoreUIComponents.dll
0x00007ff85de50000 - 0x00007ff85de83000 	C:\WINDOWS\SYSTEM32\ntmarta.dll
0x00007ff85bcd0000 - 0x00007ff85be24000 	C:\WINDOWS\SYSTEM32\wintypes.dll
0x00007ff860940000 - 0x00007ff8609e9000 	C:\WINDOWS\System32\clbcatq.dll
0x00007ff85d280000 - 0x00007ff85da10000 	C:\WINDOWS\SYSTEM32\windows.storage.dll
0x00007ff85eba0000 - 0x00007ff85ebcc000 	C:\WINDOWS\SYSTEM32\Wldp.dll
0x00007ff857700000 - 0x00007ff8578b4000 	C:\WINDOWS\SYSTEM32\WindowsCodecs.dll
0x00007ff8451f0000 - 0x00007ff84522e000 	C:\WINDOWS\system32\dataexchange.dll
0x00007ff85aed0000 - 0x00007ff85b134000 	C:\WINDOWS\system32\d3d11.dll
0x00007ff85be30000 - 0x00007ff85c017000 	C:\WINDOWS\system32\dcomp.dll
0x00007ff85da50000 - 0x00007ff85db43000 	C:\WINDOWS\system32\dxgi.dll
0x00007ff858260000 - 0x00007ff858461000 	C:\WINDOWS\system32\twinapi.appcore.dll
0x00007ff8585e0000 - 0x00007ff8587c4000 	C:\WINDOWS\SYSTEM32\dbghelp.dll

VM Arguments:
jvm_args: -javaagent:C:\Program Files\JetBrains\IntelliJ IDEA 2020.1.4\lib\idea_rt.jar=59030:C:\Program Files\JetBrains\IntelliJ IDEA 2020.1.4\bin -Dfile.encoding=UTF-8 
java_command: IDPrinter DABREP P
Launcher Type: SUN_STANDARD

Environment Variables:
PATH=C:\Program Files (x86)\Common Files\Oracle\Java\javapath;C:\WINDOWS\system32;C:\WINDOWS;C:\WINDOWS\System32\Wbem;C:\WINDOWS\System32\WindowsPowerShell\v1.0\;C:\WINDOWS\System32\OpenSSH\;C:\Users\MohamedSalah\AppData\Local\Microsoft\WindowsApps;;C:\Users\MohamedSalah\AppData\Local\Programs\Microsoft VS Code\bin
USERNAME=MohamedSalah
OS=Windows_NT
PROCESSOR_IDENTIFIER=Intel64 Family 6 Model 58 Stepping 9, GenuineIntel



---------------  S Y S T E M  ---------------

OS: Windows 8.1 , 64 bit Build 9600 

CPU:total 8 (4 cores per cpu, 2 threads per core) family 6 model 58 stepping 9, cmov, cx8, fxsr, mmx, sse, sse2, sse3, ssse3, sse4.1, sse4.2, popcnt, avx, aes, erms, ht, tsc, tscinvbit, tscinv

Memory: 4k page, physical 16660948k(6385276k free), swap 19151316k(3423296k free)

vm_info: Java HotSpot(TM) 64-Bit Server VM (24.80-b11) for windows-amd64 JRE (1.7.0_80-b15), built on Apr 10 2015 11:26:34 by "java_re" with unknown MS VC++:1600

time: Thu Mar 18 10:29:48 2021
elapsed time: 731 seconds

